Determining if the pthread_create exist failed with the following output:
Change Dir: /home/billb/rover_ws/build/CMakeFiles/CMakeTmp

Run Build Command:"/usr/bin/make" "cmTC_94ff7/fast"
/usr/bin/make -f CMakeFiles/cmTC_94ff7.dir/build.make CMakeFiles/cmTC_94ff7.dir/build
make[1]: Entering directory '/home/billb/rover_ws/build/CMakeFiles/CMakeTmp'
Building C object CMakeFiles/cmTC_94ff7.dir/CheckSymbolExists.c.o
/usr/bin/cc     -o CMakeFiles/cmTC_94ff7.dir/CheckSymbolExists.c.o   -c /home/billb/rover_ws/build/CMakeFiles/CMakeTmp/CheckSymbolExists.c
Linking C executable cmTC_94ff7
/usr/bin/cmake -E cmake_link_script CMakeFiles/cmTC_94ff7.dir/link.txt --verbose=1
/usr/bin/cc       CMakeFiles/cmTC_94ff7.dir/CheckSymbolExists.c.o  -o cmTC_94ff7 -rdynamic 
CMakeFiles/cmTC_94ff7.dir/CheckSymbolExists.c.o: In function `main':
CheckSymbolExists.c:(.text+0x1b): undefined reference to `pthread_create'
collect2: error: ld returned 1 exit status
CMakeFiles/cmTC_94ff7.dir/build.make:97: recipe for target 'cmTC_94ff7' failed
make[1]: *** [cmTC_94ff7] Error 1
make[1]: Leaving directory '/home/billb/rover_ws/build/CMakeFiles/CMakeTmp'
Makefile:126: recipe for target 'cmTC_94ff7/fast' failed
make: *** [cmTC_94ff7/fast] Error 2

File /home/billb/rover_ws/build/CMakeFiles/CMakeTmp/CheckSymbolExists.c:
/* */
#include <pthread.h>

int main(int argc, char** argv)
{
  (void)argv;
#ifndef pthread_create
  return ((int*)(&pthread_create))[argc];
#else
  (void)argc;
  return 0;
#endif
}

Determining if the function pthread_create exists in the pthreads failed with the following output:
Change Dir: /home/billb/rover_ws/build/CMakeFiles/CMakeTmp

Run Build Command:"/usr/bin/make" "cmTC_bb18b/fast"
/usr/bin/make -f CMakeFiles/cmTC_bb18b.dir/build.make CMakeFiles/cmTC_bb18b.dir/build
make[1]: Entering directory '/home/billb/rover_ws/build/CMakeFiles/CMakeTmp'
Building C object CMakeFiles/cmTC_bb18b.dir/CheckFunctionExists.c.o
/usr/bin/cc    -DCHECK_FUNCTION_EXISTS=pthread_create   -o CMakeFiles/cmTC_bb18b.dir/CheckFunctionExists.c.o   -c /usr/share/cmake-3.7/Modules/CheckFunctionExists.c
Linking C executable cmTC_bb18b
/usr/bin/cmake -E cmake_link_script CMakeFiles/cmTC_bb18b.dir/link.txt --verbose=1
/usr/bin/cc   -DCHECK_FUNCTION_EXISTS=pthread_create    CMakeFiles/cmTC_bb18b.dir/CheckFunctionExists.c.o  -o cmTC_bb18b -rdynamic -lpthreads 
/usr/bin/ld: cannot find -lpthreads
collect2: error: ld returned 1 exit status
CMakeFiles/cmTC_bb18b.dir/build.make:97: recipe for target 'cmTC_bb18b' failed
make[1]: *** [cmTC_bb18b] Error 1
make[1]: Leaving directory '/home/billb/rover_ws/build/CMakeFiles/CMakeTmp'
Makefile:126: recipe for target 'cmTC_bb18b/fast' failed
make: *** [cmTC_bb18b/fast] Error 2


